<?xml version="1.0" encoding="UTF-8"?>
<testsuite name="runners.RegistrationForm" tests="0" skipped="0" failures="0" errors="0" timestamp="1970-01-01T00:00:00" hostname="LAPTOP-N4HO93IU" time="0.0">
  <properties/>
  <system-out><![CDATA[
4 Scenarios (?[33m3 undefined?[0m, ?[32m1 passed?[0m)
16 Steps (?[33m9 undefined?[0m, ?[32m7 passed?[0m)
2m37.959s


You can implement missing steps with the snippets below:

@When("^the user fills the form with data:\"([^\"]*)\"\"([^\"]*)\"  \"([^\"]*)\"Doe\"([^\"]*)\"  \"([^\"]*)\" \"([^\"]*)\"  \"([^\"]*)\"January\"([^\"]*)\"  \"([^\"]*)\"(\\d+)\"([^\"]*)\"  \"([^\"]*)\"(\\d+)\"([^\"]*)\"  \"([^\"]*)\"English\"([^\"]*)\"$")
public void the_user_fills_the_form_with_data_Doe_January_English(String arg1, String arg2, String arg3, String arg4, String arg5, String arg6, String arg7, String arg8, String arg9, int arg10, String arg11, String arg12, int arg13, String arg14, String arg15, String arg16) {
    // Write code here that turns the phrase above into concrete actions
    throw new PendingException();
}


@When("^the user clicks continue$")
public void the_user_clicks_continue() {
    // Write code here that turns the phrase above into concrete actions
    throw new PendingException();
}

@Then("^I should see an error message with the field: name$")
public void i_should_see_an_error_message_with_the_field_name() {
    // Write code here that turns the phrase above into concrete actions
    throw new PendingException();
}

@When("^the user fills the form with data:\"([^\"]*)\"John\"([^\"]*)\"  \"([^\"]*)\"\"([^\"]*)\"  \"([^\"]*)\" \"([^\"]*)\"  \"([^\"]*)\"January\"([^\"]*)\"  \"([^\"]*)\"(\\d+)\"([^\"]*)\"  \"([^\"]*)\"(\\d+)\"([^\"]*)\"  \"([^\"]*)\"English\"([^\"]*)\"$")
public void the_user_fills_the_form_with_data_John_January_English(String arg1, String arg2, String arg3, String arg4, String arg5, String arg6, String arg7, String arg8, String arg9, int arg10, String arg11, String arg12, int arg13, String arg14, String arg15, String arg16) {
    // Write code here that turns the phrase above into concrete actions
    throw new PendingException();
}

@Then("^I should see an error message with the field: last_name$")
public void i_should_see_an_error_message_with_the_field_last_name() {
    // Write code here that turns the phrase above into concrete actions
    throw new PendingException();
}

@When("^the user fills the form with data:\"([^\"]*)\"John\"([^\"]*)\"  \"([^\"]*)\"Doe\"([^\"]*)\"  \"([^\"]*)\"\"([^\"]*)\"  \"([^\"]*)\"January\"([^\"]*)\"  \"([^\"]*)\"(\\d+)\"([^\"]*)\"  \"([^\"]*)\"(\\d+)\"([^\"]*)\"  \"([^\"]*)\"English\"([^\"]*)\"$")
public void the_user_fills_the_form_with_data_John_Doe_January_English(String arg1, String arg2, String arg3, String arg4, String arg5, String arg6, String arg7, String arg8, String arg9, int arg10, String arg11, String arg12, int arg13, String arg14, String arg15, String arg16) {
    // Write code here that turns the phrase above into concrete actions
    throw new PendingException();
}

@Then("^I should see an error message with the field: email$")
public void i_should_see_an_error_message_with_the_field_email() {
    // Write code here that turns the phrase above into concrete actions
    throw new PendingException();
}

]]></system-out>
  <system-err><![CDATA[SLF4J: Failed to load class "org.slf4j.impl.StaticLoggerBinder".
SLF4J: Defaulting to no-operation (NOP) logger implementation
SLF4J: See http://www.slf4j.org/codes.html#StaticLoggerBinder for further details.
]]></system-err>
</testsuite>
